<?xml version="1.0" encoding="UTF-8"?>
<!-- Generated by org.testng.reporters.JUnitReportReporter -->
<testsuite hostname="DESKTOP-MTCM5KV" failures="0" tests="11" name="practice.DataProviderTest" time="0.058" errors="0" timestamp="2023-05-24T10:59:16 IST" skipped="0">
  <testcase classname="practice.DataProviderTest" name="employeeDetails" time="0.003"/>
  <system-out/>
  <testcase classname="practice.DataProviderTest" name="medalDetails" time="0.010"/>
  <system-out/>
  <testcase classname="practice.DataProviderTest" name="employeeDetails" time="0.024"/>
  <system-out/>
  <testcase classname="practice.DataProviderTest" name="employeeDetails" time="0.002"/>
  <system-out/>
  <testcase classname="practice.DataProviderTest" name="medalDetails" time="0.002"/>
  <system-out/>
  <testcase classname="practice.DataProviderTest" name="medalDetails" time="0.003"/>
  <system-out/>
  <testcase classname="practice.DataProviderTest" name="travelDetails" time="0.003"/>
  <system-out/>
  <testcase classname="practice.DataProviderTest" name="travelDetails" time="0.002"/>
  <system-out/>
  <testcase classname="practice.DataProviderTest" name="medalDetails" time="0.003"/>
  <system-out/>
  <testcase classname="practice.DataProviderTest" name="employeeDetails" time="0.002"/>
  <system-out/>
  <testcase classname="practice.DataProviderTest" name="travelDetails" time="0.004"/>
  <system-out/>
</testsuite> <!-- practice.DataProviderTest -->
