<?xml version="1.0" encoding="UTF-8"?>
<!-- Generated by org.testng.reporters.JUnitReportReporter -->
<testsuite hostname="DESKTOP-MTCM5KV" failures="0" tests="5" name="practice.ReadSetOfDataFromExcelTest" time="0.038" errors="0" timestamp="2023-05-25T12:54:49 IST" skipped="0">
  <testcase classname="practice.ReadSetOfDataFromExcelTest" name="readMultipleDataTest" time="0.006"/>
  <system-out/>
  <testcase classname="practice.ReadSetOfDataFromExcelTest" name="readMultipleDataTest" time="0.003"/>
  <system-out/>
  <testcase classname="practice.ReadSetOfDataFromExcelTest" name="readMultipleDataTest" time="0.004"/>
  <system-out/>
  <testcase classname="practice.ReadSetOfDataFromExcelTest" name="readMultipleDataTest" time="0.008"/>
  <system-out/>
  <testcase classname="practice.ReadSetOfDataFromExcelTest" name="readMultipleDataTest" time="0.017"/>
  <system-out/>
</testsuite> <!-- practice.ReadSetOfDataFromExcelTest -->
