<?xml version="1.0" encoding="UTF-8"?>
<!-- Generated by org.testng.reporters.JUnitReportReporter -->
<testsuite hostname="DESKTOP-MTCM5KV" failures="0" tests="3" name="practice.TestNGTest" time="0.024" errors="0" timestamp="2023-05-23T16:49:47 IST" skipped="0">
  <testcase classname="practice.TestNGTest" name="delete" time="0.002"/>
  <system-out/>
  <testcase classname="practice.TestNGTest" name="create" time="0.002"/>
  <system-out/>
  <testcase classname="practice.TestNGTest" name="update" time="0.020"/>
  <system-out/>
</testsuite> <!-- practice.TestNGTest -->
